[2025-07-30 23:52:45,961] [INFO] HTTP请求开始: {"timestamp": 1753890765.9612596, "method": "GET", "url": "https://jsonplaceholder.typicode.com/posts/1", "params": {}, "json_data": {}, "headers": {}}
[2025-07-30 23:52:49,817] [INFO] HTTP请求成功: {"timestamp": 1753890769.8178039, "method": "GET", "url": "https://jsonplaceholder.typicode.com/posts/1", "status_code": 200, "execution_time_ms": 3856.54, "response_size": 292, "status": "success"}
[2025-07-30 23:52:49,818] [INFO] HTTP请求开始: {"timestamp": 1753890769.8184943, "method": "POST", "url": "https://jsonplaceholder.typicode.com/posts", "params": {}, "json_data": {"title": "测试标题", "body": "测试内容", "userId": 1}, "headers": {}}
[2025-07-30 23:52:51,292] [INFO] HTTP请求成功: {"timestamp": 1753890771.2921524, "method": "POST", "url": "https://jsonplaceholder.typicode.com/posts", "status_code": 201, "execution_time_ms": 1473.66, "response_size": 83, "status": "success"}
[2025-07-30 23:52:51,292] [INFO] HTTP请求开始: {"timestamp": 1753890771.2927637, "method": "GET", "url": "https://jsonplaceholder.typicode.com/posts/2", "params": {}, "json_data": {}, "headers": {}}
[2025-07-30 23:53:01,291] [INFO] HTTP请求成功: {"timestamp": 1753890781.2913892, "method": "GET", "url": "https://jsonplaceholder.typicode.com/posts/2", "status_code": 200, "execution_time_ms": 9998.63, "response_size": 278, "status": "success"}
[2025-07-30 23:53:01,292] [INFO] API监控记录: {"timestamp": 1753890781.292537, "url": "https://api.example.com/test", "method": "GET", "params": {"id": 1}, "status": "success", "execution_time_ms": 100.0, "request_count": 1, "success_count": 1, "error_count": 0, "avg_time_ms": 100.0, "response_size": 21}
[2025-07-30 23:53:01,292] [ERROR] API监控记录: {"timestamp": 1753890781.2927365, "url": "https://api.example.com/error", "method": "POST", "params": {"data": "test"}, "status": "error", "execution_time_ms": 50.0, "request_count": 2, "success_count": 1, "error_count": 1, "avg_time_ms": 75.0, "error": "连接超时"}
[2025-07-30 23:53:01,293] [INFO] 这是一条API信息日志
[2025-07-30 23:53:01,293] [INFO] 测试API请求: GET /api/users
[2025-07-30 23:53:01,293] [INFO] API响应: 200 OK
[2025-07-30 23:53:01,293] [ERROR] API请求失败: 连接超时
[2025-07-30 23:53:01,293] [ERROR] API响应错误: 500 Internal Server Error
[2025-07-30 23:53:01,294] [INFO] API请求详情: {'url': 'https://api.example.com/users', 'method': 'POST', 'params': {'name': '张三', 'age': 25}, 'response': {'id': 1, 'status': 'created'}, 'execution_time_ms': 150.5}
[2025-07-30 23:53:44,838] [INFO] HTTP请求开始: {"timestamp": 1753890824.8381934, "method": "POST", "url": "http://localhost:8688/api/chatGatWay-internal", "params": {}, "json_data": {"message": "你好，今天天气怎么样？", "user_id": "user001"}, "headers": {}}
[2025-07-30 23:53:49,583] [INFO] HTTP请求开始: {"timestamp": 1753890829.5833395, "method": "POST", "url": "http://localhost:8688/api/chatGatWay-internal", "params": {}, "json_data": {"user_id": "user002"}, "headers": {}}
[2025-07-30 23:53:54,144] [INFO] HTTP请求开始: {"timestamp": 1753890834.1448698, "method": "POST", "url": "http://localhost:8688/api/chatGatWay-internal", "params": {}, "json_data": {"message": "What is the capital of France?", "user_id": "user003"}, "headers": {}}
[2025-07-30 23:53:58,642] [INFO] HTTP请求开始: {"timestamp": 1753890838.642812, "method": "GET", "url": "https://jsonplaceholder.typicode.com/posts/1", "params": {}, "json_data": {}, "headers": {}}
[2025-07-30 23:54:11,729] [INFO] HTTP请求成功: {"timestamp": 1753890851.7291, "method": "GET", "url": "https://jsonplaceholder.typicode.com/posts/1", "status_code": 200, "execution_time_ms": 13086.29, "response_size": 292, "status": "success"}
[2025-07-30 23:54:11,732] [INFO] HTTP请求开始: {"timestamp": 1753890851.732872, "method": "POST", "url": "https://jsonplaceholder.typicode.com/posts", "params": {}, "json_data": {"title": "test", "body": "test body", "userId": 1}, "headers": {}}
[2025-07-30 23:54:43,078] [INFO] HTTP请求开始: {"timestamp": 1753890883.0779335, "method": "GET", "url": "https://jsonplaceholder.typicode.com/posts/1", "params": {}, "json_data": {}, "headers": {}}
[2025-07-30 23:54:56,109] [INFO] HTTP请求成功: {"timestamp": 1753890896.1092634, "method": "GET", "url": "https://jsonplaceholder.typicode.com/posts/1", "status_code": 200, "execution_time_ms": 13031.33, "response_size": 292, "status": "success"}
[2025-07-30 23:54:56,112] [INFO] HTTP请求开始: {"timestamp": 1753890896.1128488, "method": "POST", "url": "https://jsonplaceholder.typicode.com/posts", "params": {}, "json_data": {"title": "test", "body": "test body", "userId": 1}, "headers": {}}
[2025-07-30 23:55:11,012] [INFO] HTTP请求成功: {"timestamp": 1753890911.0125809, "method": "POST", "url": "https://jsonplaceholder.typicode.com/posts", "status_code": 201, "execution_time_ms": 14899.73, "response_size": 72, "status": "success"}
[2025-07-30 23:55:11,016] [INFO] HTTP请求开始: {"timestamp": 1753890911.0162024, "method": "GET", "url": "https://jsonplaceholder.typicode.com/posts/1", "params": {}, "json_data": {}, "headers": {}}
[2025-07-30 23:55:13,902] [INFO] HTTP请求成功: {"timestamp": 1753890913.9021354, "method": "GET", "url": "https://jsonplaceholder.typicode.com/posts/1", "status_code": 200, "execution_time_ms": 2885.93, "response_size": 292, "status": "success"}
[2025-07-30 23:55:13,991] [INFO] HTTP请求开始: {"timestamp": 1753890913.9913754, "method": "GET", "url": "https://jsonplaceholder.typicode.com/posts/1", "params": {}, "json_data": {}, "headers": {}}
[2025-07-30 23:55:17,490] [INFO] HTTP请求成功: {"timestamp": 1753890917.4904895, "method": "GET", "url": "https://jsonplaceholder.typicode.com/posts/1", "status_code": 200, "execution_time_ms": 3499.11, "response_size": 292, "status": "success"}
[2025-07-30 23:55:17,506] [INFO] HTTP请求开始: {"timestamp": 1753890917.5061505, "method": "POST", "url": "https://jsonplaceholder.typicode.com/posts", "params": {}, "json_data": {"title": "test", "body": "test body", "userId": 1}, "headers": {}}
[2025-07-30 23:55:18,504] [INFO] HTTP请求成功: {"timestamp": 1753890918.504557, "method": "POST", "url": "https://jsonplaceholder.typicode.com/posts", "status_code": 201, "execution_time_ms": 998.41, "response_size": 72, "status": "success"}
[2025-07-30 23:55:18,517] [INFO] HTTP请求开始: {"timestamp": 1753890918.5173705, "method": "GET", "url": "https://jsonplaceholder.typicode.com/posts/1", "params": {}, "json_data": {}, "headers": {}}
[2025-07-30 23:55:21,382] [INFO] HTTP请求成功: {"timestamp": 1753890921.382726, "method": "GET", "url": "https://jsonplaceholder.typicode.com/posts/1", "status_code": 200, "execution_time_ms": 2865.36, "response_size": 292, "status": "success"}
[2025-07-30 23:55:21,392] [INFO] HTTP请求开始: {"timestamp": 1753890921.3922312, "method": "GET", "url": "https://jsonplaceholder.typicode.com/posts/1", "params": {}, "json_data": {}, "headers": {}}
[2025-07-30 23:55:24,413] [INFO] HTTP请求成功: {"timestamp": 1753890924.4128983, "method": "GET", "url": "https://jsonplaceholder.typicode.com/posts/1", "status_code": 200, "execution_time_ms": 3020.66, "response_size": 292, "status": "success"}
[2025-07-30 23:55:24,415] [INFO] HTTP请求开始: {"timestamp": 1753890924.4153168, "method": "POST", "url": "https://jsonplaceholder.typicode.com/posts", "params": {}, "json_data": {"title": "test", "body": "test body", "userId": 1}, "headers": {}}
[2025-07-30 23:55:27,357] [INFO] HTTP请求成功: {"timestamp": 1753890927.357498, "method": "POST", "url": "https://jsonplaceholder.typicode.com/posts", "status_code": 201, "execution_time_ms": 2942.18, "response_size": 72, "status": "success"}
[2025-07-30 23:55:27,359] [INFO] HTTP请求开始: {"timestamp": 1753890927.3591526, "method": "GET", "url": "https://jsonplaceholder.typicode.com/posts/1", "params": {}, "json_data": {}, "headers": {}}
[2025-07-30 23:55:28,942] [INFO] HTTP请求成功: {"timestamp": 1753890928.9419386, "method": "GET", "url": "https://jsonplaceholder.typicode.com/posts/1", "status_code": 200, "execution_time_ms": 1582.79, "response_size": 292, "status": "success"}
[2025-07-30 23:55:28,958] [INFO] HTTP请求开始: {"timestamp": 1753890928.9582322, "method": "POST", "url": "http://localhost:8688/api/chatGatWay-internal", "params": {}, "json_data": {"message": "你好，今天天气怎么样？", "user_id": "user001"}, "headers": {}}
[2025-07-30 23:55:33,052] [INFO] HTTP请求开始: {"timestamp": 1753890933.052289, "method": "GET", "url": "https://jsonplaceholder.typicode.com/posts/1", "params": {}, "json_data": {}, "headers": {}}
[2025-07-30 23:55:37,063] [INFO] HTTP请求成功: {"timestamp": 1753890937.0635839, "method": "GET", "url": "https://jsonplaceholder.typicode.com/posts/1", "status_code": 200, "execution_time_ms": 4011.29, "response_size": 292, "status": "success"}
[2025-07-30 23:55:37,081] [INFO] HTTP请求开始: {"timestamp": 1753890937.081096, "method": "POST", "url": "https://jsonplaceholder.typicode.com/posts", "params": {}, "json_data": {"title": "test", "body": "test body", "userId": 1}, "headers": {}}
[2025-07-30 23:55:38,045] [INFO] HTTP请求成功: {"timestamp": 1753890938.04581, "method": "POST", "url": "https://jsonplaceholder.typicode.com/posts", "status_code": 201, "execution_time_ms": 964.71, "response_size": 72, "status": "success"}
[2025-07-30 23:55:38,056] [INFO] HTTP请求开始: {"timestamp": 1753890938.056516, "method": "GET", "url": "https://jsonplaceholder.typicode.com/posts/1", "params": {}, "json_data": {}, "headers": {}}
[2025-07-30 23:55:41,341] [INFO] HTTP请求成功: {"timestamp": 1753890941.3412874, "method": "GET", "url": "https://jsonplaceholder.typicode.com/posts/1", "status_code": 200, "execution_time_ms": 3284.77, "response_size": 292, "status": "success"}
